{"level":"info","message":"Sunucu http://localhost:3000 adresinde çalışıyor","metadata":{},"service":"patrion-sensor-service","timestamp":"2025-05-15 16:25:51"}
{"level":"info","message":"Şirket tablosu başarıyla oluşturuldu","metadata":{},"service":"patrion-sensor-service","timestamp":"2025-05-15 16:25:51"}
{"level":"info","message":"Kullanıcı tablosu başarıyla oluşturuldu","metadata":{},"service":"patrion-sensor-service","timestamp":"2025-05-15 16:25:51"}
{"level":"info","message":"Sensör tablosu başarıyla oluşturuldu","metadata":{},"service":"patrion-sensor-service","timestamp":"2025-05-15 16:25:51"}
{"level":"info","message":"Sensör veri tablosu başarıyla oluşturuldu","metadata":{},"service":"patrion-sensor-service","timestamp":"2025-05-15 16:25:51"}
{"level":"info","message":"Kullanıcı log tablosu başarıyla oluşturuldu","metadata":{},"service":"patrion-sensor-service","timestamp":"2025-05-15 16:25:51"}
{"level":"info","message":"Veritabanı tabloları başarıyla oluşturuldu","metadata":{},"service":"patrion-sensor-service","timestamp":"2025-05-15 16:25:51"}
{"level":"error","message":"Şirket seed işlemi sırasında hata","metadata":{"error":"Cannot read properties of undefined (reading 'rows')"},"service":"patrion-sensor-service","timestamp":"2025-05-15 16:25:51"}
{"level":"error","message":"Kullanıcı seed işlemi sırasında hata","metadata":{"error":"Cannot read properties of undefined (reading 'rows')"},"service":"patrion-sensor-service","timestamp":"2025-05-15 16:25:51"}
{"level":"info","message":"Seed verileri başarıyla eklendi","metadata":{},"service":"patrion-sensor-service","timestamp":"2025-05-15 16:25:51"}
{"level":"error","message":"HTTP İsteği","metadata":{"ip":"::ffff:127.0.0.1","method":"POST","responseTime":"8ms","status":400,"url":"/login"},"service":"patrion-sensor-service","timestamp":"2025-05-15 16:25:51"}
{"level":"error","message":"HTTP İsteği","metadata":{"ip":"::ffff:127.0.0.1","method":"POST","responseTime":"4ms","status":401,"url":"/login"},"service":"patrion-sensor-service","timestamp":"2025-05-15 16:25:51"}
{"level":"info","message":"HTTP İsteği","metadata":{"ip":"::ffff:127.0.0.1","method":"POST","responseTime":"5ms","status":200,"url":"/login"},"service":"patrion-sensor-service","timestamp":"2025-05-15 16:25:51"}
{"level":"error","message":"HTTP İsteği","metadata":{"ip":"::ffff:127.0.0.1","method":"POST","responseTime":"1ms","status":400,"url":"/register"},"service":"patrion-sensor-service","timestamp":"2025-05-15 16:25:51"}
{"level":"error","message":"HTTP İsteği","metadata":{"ip":"::ffff:127.0.0.1","method":"POST","responseTime":"1ms","status":409,"url":"/register"},"service":"patrion-sensor-service","timestamp":"2025-05-15 16:25:51"}
{"level":"info","message":"Sunucu http://localhost:3000 adresinde çalışıyor","metadata":{},"service":"patrion-sensor-service","timestamp":"2025-05-15 16:28:01"}
{"level":"info","message":"Veritabanı bağlantısı başarılı","metadata":{"timestamp":{"now":"2025-05-15T13:28:01.493Z"}},"service":"patrion-sensor-service","timestamp":"2025-05-15 16:28:01"}
{"level":"info","message":"Şirket tablosu başarıyla oluşturuldu","metadata":{},"service":"patrion-sensor-service","timestamp":"2025-05-15 16:28:01"}
{"level":"info","message":"Kullanıcı tablosu başarıyla oluşturuldu","metadata":{},"service":"patrion-sensor-service","timestamp":"2025-05-15 16:28:01"}
{"level":"info","message":"Sensör tablosu başarıyla oluşturuldu","metadata":{},"service":"patrion-sensor-service","timestamp":"2025-05-15 16:28:01"}
{"level":"info","message":"Sensör veri tablosu başarıyla oluşturuldu","metadata":{},"service":"patrion-sensor-service","timestamp":"2025-05-15 16:28:01"}
{"level":"info","message":"Kullanıcı log tablosu başarıyla oluşturuldu","metadata":{},"service":"patrion-sensor-service","timestamp":"2025-05-15 16:28:01"}
{"level":"info","message":"Veritabanı tabloları başarıyla oluşturuldu","metadata":{},"service":"patrion-sensor-service","timestamp":"2025-05-15 16:28:01"}
{"level":"info","message":"Şirket zaten mevcut","metadata":{"companyId":1},"service":"patrion-sensor-service","timestamp":"2025-05-15 16:28:01"}
{"level":"info","message":"Kullanıcı zaten mevcut","metadata":{"email":"admin@system.com"},"service":"patrion-sensor-service","timestamp":"2025-05-15 16:28:01"}
{"level":"info","message":"Seed verileri başarıyla eklendi","metadata":{},"service":"patrion-sensor-service","timestamp":"2025-05-15 16:28:01"}
{"level":"info","message":"Sunucu http://localhost:3000 adresinde çalışıyor","metadata":{},"service":"patrion-sensor-service","timestamp":"2025-05-15 16:28:33"}
{"level":"info","message":"Veritabanı bağlantısı başarılı","metadata":{"timestamp":{"now":"2025-05-15T13:28:33.937Z"}},"service":"patrion-sensor-service","timestamp":"2025-05-15 16:28:33"}
{"level":"info","message":"Şirket tablosu başarıyla oluşturuldu","metadata":{},"service":"patrion-sensor-service","timestamp":"2025-05-15 16:28:33"}
{"level":"info","message":"Kullanıcı tablosu başarıyla oluşturuldu","metadata":{},"service":"patrion-sensor-service","timestamp":"2025-05-15 16:28:33"}
{"level":"info","message":"Sensör tablosu başarıyla oluşturuldu","metadata":{},"service":"patrion-sensor-service","timestamp":"2025-05-15 16:28:33"}
{"level":"info","message":"Sensör veri tablosu başarıyla oluşturuldu","metadata":{},"service":"patrion-sensor-service","timestamp":"2025-05-15 16:28:33"}
{"level":"info","message":"Kullanıcı log tablosu başarıyla oluşturuldu","metadata":{},"service":"patrion-sensor-service","timestamp":"2025-05-15 16:28:33"}
{"level":"info","message":"Veritabanı tabloları başarıyla oluşturuldu","metadata":{},"service":"patrion-sensor-service","timestamp":"2025-05-15 16:28:33"}
{"level":"info","message":"Şirket zaten mevcut","metadata":{"companyId":1},"service":"patrion-sensor-service","timestamp":"2025-05-15 16:28:33"}
{"level":"info","message":"Kullanıcı zaten mevcut","metadata":{"email":"admin@system.com"},"service":"patrion-sensor-service","timestamp":"2025-05-15 16:28:33"}
{"level":"info","message":"Seed verileri başarıyla eklendi","metadata":{},"service":"patrion-sensor-service","timestamp":"2025-05-15 16:28:33"}
{"level":"info","message":"Sunucu http://localhost:3000 adresinde çalışıyor","metadata":{},"service":"patrion-sensor-service","timestamp":"2025-05-15 16:29:03"}
{"level":"info","message":"Veritabanı bağlantısı başarılı","metadata":{"timestamp":{"now":"2025-05-15T13:29:03.602Z"}},"service":"patrion-sensor-service","timestamp":"2025-05-15 16:29:03"}
{"level":"info","message":"Şirket tablosu başarıyla oluşturuldu","metadata":{},"service":"patrion-sensor-service","timestamp":"2025-05-15 16:29:03"}
{"level":"info","message":"Kullanıcı tablosu başarıyla oluşturuldu","metadata":{},"service":"patrion-sensor-service","timestamp":"2025-05-15 16:29:03"}
{"level":"info","message":"Sensör tablosu başarıyla oluşturuldu","metadata":{},"service":"patrion-sensor-service","timestamp":"2025-05-15 16:29:03"}
{"level":"info","message":"Sensör veri tablosu başarıyla oluşturuldu","metadata":{},"service":"patrion-sensor-service","timestamp":"2025-05-15 16:29:03"}
{"level":"info","message":"Kullanıcı log tablosu başarıyla oluşturuldu","metadata":{},"service":"patrion-sensor-service","timestamp":"2025-05-15 16:29:03"}
{"level":"info","message":"Veritabanı tabloları başarıyla oluşturuldu","metadata":{},"service":"patrion-sensor-service","timestamp":"2025-05-15 16:29:03"}
{"level":"info","message":"Şirket zaten mevcut","metadata":{"companyId":1},"service":"patrion-sensor-service","timestamp":"2025-05-15 16:29:03"}
{"level":"info","message":"Kullanıcı zaten mevcut","metadata":{"email":"admin@system.com"},"service":"patrion-sensor-service","timestamp":"2025-05-15 16:29:03"}
{"level":"info","message":"Seed verileri başarıyla eklendi","metadata":{},"service":"patrion-sensor-service","timestamp":"2025-05-15 16:29:03"}
{"level":"error","message":"HTTP İsteği","metadata":{"ip":"::1","method":"POST","responseTime":"9ms","status":400,"url":"/login"},"service":"patrion-sensor-service","timestamp":"2025-05-15 16:32:45"}
{"level":"error","message":"HTTP İsteği","metadata":{"ip":"::1","method":"POST","responseTime":"4ms","status":401,"url":"/login"},"service":"patrion-sensor-service","timestamp":"2025-05-15 16:32:45"}
{"level":"info","message":"HTTP İsteği","metadata":{"ip":"::1","method":"POST","responseTime":"5ms","status":200,"url":"/login"},"service":"patrion-sensor-service","timestamp":"2025-05-15 16:32:45"}
{"level":"error","message":"HTTP İsteği","metadata":{"ip":"::1","method":"POST","responseTime":"1ms","status":400,"url":"/register"},"service":"patrion-sensor-service","timestamp":"2025-05-15 16:32:45"}
{"level":"error","message":"HTTP İsteği","metadata":{"ip":"::1","method":"POST","responseTime":"2ms","status":409,"url":"/register"},"service":"patrion-sensor-service","timestamp":"2025-05-15 16:32:45"}
{"level":"info","message":"Sunucu http://localhost:3000 adresinde çalışıyor","metadata":{},"service":"patrion-sensor-service","timestamp":"2025-05-15 16:35:02"}
{"level":"info","message":"Veritabanı bağlantısı başarılı","metadata":{"timestamp":{"now":"2025-05-15T13:35:02.535Z"}},"service":"patrion-sensor-service","timestamp":"2025-05-15 16:35:02"}
{"level":"info","message":"Şirket tablosu başarıyla oluşturuldu","metadata":{},"service":"patrion-sensor-service","timestamp":"2025-05-15 16:35:02"}
{"level":"info","message":"Kullanıcı tablosu başarıyla oluşturuldu","metadata":{},"service":"patrion-sensor-service","timestamp":"2025-05-15 16:35:02"}
{"level":"info","message":"Sensör tablosu başarıyla oluşturuldu","metadata":{},"service":"patrion-sensor-service","timestamp":"2025-05-15 16:35:02"}
{"level":"info","message":"Sensör veri tablosu başarıyla oluşturuldu","metadata":{},"service":"patrion-sensor-service","timestamp":"2025-05-15 16:35:02"}
{"level":"info","message":"Kullanıcı log tablosu başarıyla oluşturuldu","metadata":{},"service":"patrion-sensor-service","timestamp":"2025-05-15 16:35:02"}
{"level":"info","message":"Veritabanı tabloları başarıyla oluşturuldu","metadata":{},"service":"patrion-sensor-service","timestamp":"2025-05-15 16:35:02"}
{"level":"info","message":"Şirket zaten mevcut","metadata":{"companyId":1},"service":"patrion-sensor-service","timestamp":"2025-05-15 16:35:02"}
{"level":"info","message":"Kullanıcı zaten mevcut","metadata":{"email":"admin@system.com"},"service":"patrion-sensor-service","timestamp":"2025-05-15 16:35:02"}
{"level":"info","message":"Seed verileri başarıyla eklendi","metadata":{},"service":"patrion-sensor-service","timestamp":"2025-05-15 16:35:02"}
{"level":"info","message":"Sunucu http://localhost:3000 adresinde çalışıyor","metadata":{},"service":"patrion-sensor-service","timestamp":"2025-05-15 16:36:18"}
{"level":"info","message":"Veritabanı bağlantısı başarılı","metadata":{"timestamp":{"now":"2025-05-15T13:36:18.160Z"}},"service":"patrion-sensor-service","timestamp":"2025-05-15 16:36:18"}
{"level":"info","message":"Şirket tablosu başarıyla oluşturuldu","metadata":{},"service":"patrion-sensor-service","timestamp":"2025-05-15 16:36:18"}
{"level":"info","message":"Kullanıcı tablosu başarıyla oluşturuldu","metadata":{},"service":"patrion-sensor-service","timestamp":"2025-05-15 16:36:18"}
{"level":"info","message":"Sensör tablosu başarıyla oluşturuldu","metadata":{},"service":"patrion-sensor-service","timestamp":"2025-05-15 16:36:18"}
{"level":"info","message":"Sensör veri tablosu başarıyla oluşturuldu","metadata":{},"service":"patrion-sensor-service","timestamp":"2025-05-15 16:36:18"}
{"level":"info","message":"Kullanıcı log tablosu başarıyla oluşturuldu","metadata":{},"service":"patrion-sensor-service","timestamp":"2025-05-15 16:36:18"}
{"level":"info","message":"Veritabanı tabloları başarıyla oluşturuldu","metadata":{},"service":"patrion-sensor-service","timestamp":"2025-05-15 16:36:18"}
{"level":"info","message":"Şirket zaten mevcut","metadata":{"companyId":1},"service":"patrion-sensor-service","timestamp":"2025-05-15 16:36:18"}
{"level":"info","message":"Kullanıcı zaten mevcut","metadata":{"email":"admin@system.com"},"service":"patrion-sensor-service","timestamp":"2025-05-15 16:36:18"}
{"level":"info","message":"Seed verileri başarıyla eklendi","metadata":{},"service":"patrion-sensor-service","timestamp":"2025-05-15 16:36:18"}
{"level":"info","message":"Sunucu http://localhost:3000 adresinde çalışıyor","metadata":{},"service":"patrion-sensor-service","timestamp":"2025-05-15 16:38:10"}
{"level":"info","message":"Veritabanı bağlantısı başarılı","metadata":{"timestamp":{"now":"2025-05-15T13:38:10.836Z"}},"service":"patrion-sensor-service","timestamp":"2025-05-15 16:38:10"}
{"level":"info","message":"Şirket tablosu başarıyla oluşturuldu","metadata":{},"service":"patrion-sensor-service","timestamp":"2025-05-15 16:38:10"}
{"level":"info","message":"Kullanıcı tablosu başarıyla oluşturuldu","metadata":{},"service":"patrion-sensor-service","timestamp":"2025-05-15 16:38:10"}
{"level":"info","message":"Sensör tablosu başarıyla oluşturuldu","metadata":{},"service":"patrion-sensor-service","timestamp":"2025-05-15 16:38:10"}
{"level":"info","message":"Sensör veri tablosu başarıyla oluşturuldu","metadata":{},"service":"patrion-sensor-service","timestamp":"2025-05-15 16:38:10"}
{"level":"info","message":"Kullanıcı log tablosu başarıyla oluşturuldu","metadata":{},"service":"patrion-sensor-service","timestamp":"2025-05-15 16:38:10"}
{"level":"info","message":"Veritabanı tabloları başarıyla oluşturuldu","metadata":{},"service":"patrion-sensor-service","timestamp":"2025-05-15 16:38:10"}
{"level":"info","message":"Şirket zaten mevcut","metadata":{"companyId":1},"service":"patrion-sensor-service","timestamp":"2025-05-15 16:38:10"}
{"level":"info","message":"Kullanıcı zaten mevcut","metadata":{"email":"admin@system.com"},"service":"patrion-sensor-service","timestamp":"2025-05-15 16:38:10"}
{"level":"info","message":"Seed verileri başarıyla eklendi","metadata":{},"service":"patrion-sensor-service","timestamp":"2025-05-15 16:38:10"}
{"level":"info","message":"Sunucu http://localhost:3000 adresinde çalışıyor","metadata":{},"service":"patrion-sensor-service","timestamp":"2025-05-15 16:38:20"}
{"level":"info","message":"Veritabanı bağlantısı başarılı","metadata":{"timestamp":{"now":"2025-05-15T13:38:20.493Z"}},"service":"patrion-sensor-service","timestamp":"2025-05-15 16:38:20"}
{"level":"info","message":"Şirket tablosu başarıyla oluşturuldu","metadata":{},"service":"patrion-sensor-service","timestamp":"2025-05-15 16:38:20"}
{"level":"info","message":"Kullanıcı tablosu başarıyla oluşturuldu","metadata":{},"service":"patrion-sensor-service","timestamp":"2025-05-15 16:38:20"}
{"level":"info","message":"Sensör tablosu başarıyla oluşturuldu","metadata":{},"service":"patrion-sensor-service","timestamp":"2025-05-15 16:38:20"}
{"level":"info","message":"Sensör veri tablosu başarıyla oluşturuldu","metadata":{},"service":"patrion-sensor-service","timestamp":"2025-05-15 16:38:20"}
{"level":"info","message":"Kullanıcı log tablosu başarıyla oluşturuldu","metadata":{},"service":"patrion-sensor-service","timestamp":"2025-05-15 16:38:20"}
{"level":"info","message":"Veritabanı tabloları başarıyla oluşturuldu","metadata":{},"service":"patrion-sensor-service","timestamp":"2025-05-15 16:38:20"}
{"level":"info","message":"Şirket zaten mevcut","metadata":{"companyId":1},"service":"patrion-sensor-service","timestamp":"2025-05-15 16:38:20"}
{"level":"info","message":"Kullanıcı zaten mevcut","metadata":{"email":"admin@system.com"},"service":"patrion-sensor-service","timestamp":"2025-05-15 16:38:20"}
{"level":"info","message":"Seed verileri başarıyla eklendi","metadata":{},"service":"patrion-sensor-service","timestamp":"2025-05-15 16:38:20"}
{"level":"error","message":"HTTP İsteği","metadata":{"ip":"::1","method":"POST","responseTime":"9ms","status":400,"url":"/login"},"service":"patrion-sensor-service","timestamp":"2025-05-15 16:40:29"}
{"level":"error","message":"HTTP İsteği","metadata":{"ip":"::1","method":"POST","responseTime":"4ms","status":401,"url":"/login"},"service":"patrion-sensor-service","timestamp":"2025-05-15 16:40:29"}
{"level":"info","message":"HTTP İsteği","metadata":{"ip":"::1","method":"POST","responseTime":"5ms","status":200,"url":"/login"},"service":"patrion-sensor-service","timestamp":"2025-05-15 16:40:29"}
{"level":"error","message":"HTTP İsteği","metadata":{"ip":"::1","method":"POST","responseTime":"1ms","status":400,"url":"/register"},"service":"patrion-sensor-service","timestamp":"2025-05-15 16:40:29"}
{"level":"error","message":"HTTP İsteği","metadata":{"ip":"::1","method":"POST","responseTime":"2ms","status":409,"url":"/register"},"service":"patrion-sensor-service","timestamp":"2025-05-15 16:40:29"}
{"level":"info","message":"Veritabanı bağlantısı başarılı","metadata":{"timestamp":{"now":"2025-05-15T13:40:29.116Z"}},"service":"patrion-sensor-service","timestamp":"2025-05-15 16:40:29"}
{"level":"error","message":"HTTP İsteği","metadata":{"ip":"::1","method":"POST","responseTime":"8ms","status":400,"url":"/login"},"service":"patrion-sensor-service","timestamp":"2025-05-15 16:40:57"}
{"level":"error","message":"HTTP İsteği","metadata":{"ip":"::1","method":"POST","responseTime":"5ms","status":401,"url":"/login"},"service":"patrion-sensor-service","timestamp":"2025-05-15 16:40:57"}
{"level":"info","message":"HTTP İsteği","metadata":{"ip":"::1","method":"POST","responseTime":"4ms","status":200,"url":"/login"},"service":"patrion-sensor-service","timestamp":"2025-05-15 16:40:57"}
{"level":"error","message":"HTTP İsteği","metadata":{"ip":"::1","method":"POST","responseTime":"2ms","status":400,"url":"/register"},"service":"patrion-sensor-service","timestamp":"2025-05-15 16:40:57"}
{"level":"error","message":"HTTP İsteği","metadata":{"ip":"::1","method":"POST","responseTime":"2ms","status":409,"url":"/register"},"service":"patrion-sensor-service","timestamp":"2025-05-15 16:40:57"}
{"level":"info","message":"Veritabanı bağlantısı başarılı","metadata":{"timestamp":{"now":"2025-05-15T13:40:57.854Z"}},"service":"patrion-sensor-service","timestamp":"2025-05-15 16:40:57"}
{"level":"info","message":"Sunucu http://localhost:3000 adresinde çalışıyor","metadata":{},"service":"patrion-sensor-service","timestamp":"2025-05-15 16:46:30"}
{"level":"info","message":"Veritabanı bağlantısı başarılı","metadata":{"timestamp":{"now":"2025-05-15T13:46:31.020Z"}},"service":"patrion-sensor-service","timestamp":"2025-05-15 16:46:31"}
{"level":"info","message":"Şirket tablosu başarıyla oluşturuldu","metadata":{},"service":"patrion-sensor-service","timestamp":"2025-05-15 16:46:31"}
{"level":"info","message":"Kullanıcı tablosu başarıyla oluşturuldu","metadata":{},"service":"patrion-sensor-service","timestamp":"2025-05-15 16:46:31"}
{"level":"info","message":"Sensör tablosu başarıyla oluşturuldu","metadata":{},"service":"patrion-sensor-service","timestamp":"2025-05-15 16:46:31"}
{"level":"info","message":"Sensör veri tablosu başarıyla oluşturuldu","metadata":{},"service":"patrion-sensor-service","timestamp":"2025-05-15 16:46:31"}
{"level":"info","message":"Kullanıcı log tablosu başarıyla oluşturuldu","metadata":{},"service":"patrion-sensor-service","timestamp":"2025-05-15 16:46:31"}
{"level":"info","message":"Veritabanı tabloları başarıyla oluşturuldu","metadata":{},"service":"patrion-sensor-service","timestamp":"2025-05-15 16:46:31"}
{"level":"info","message":"Şirket zaten mevcut","metadata":{"companyId":1},"service":"patrion-sensor-service","timestamp":"2025-05-15 16:46:31"}
{"level":"info","message":"Kullanıcı zaten mevcut","metadata":{"email":"admin@system.com"},"service":"patrion-sensor-service","timestamp":"2025-05-15 16:46:31"}
{"level":"info","message":"Seed verileri başarıyla eklendi","metadata":{},"service":"patrion-sensor-service","timestamp":"2025-05-15 16:46:31"}
{"level":"info","message":"Sunucu http://localhost:3000 adresinde çalışıyor","metadata":{},"service":"patrion-sensor-service","timestamp":"2025-05-15 16:47:40"}
{"level":"info","message":"Veritabanı bağlantısı başarılı","metadata":{"timestamp":{"now":"2025-05-15T13:47:41.064Z"}},"service":"patrion-sensor-service","timestamp":"2025-05-15 16:47:41"}
{"level":"info","message":"Şirket tablosu başarıyla oluşturuldu","metadata":{},"service":"patrion-sensor-service","timestamp":"2025-05-15 16:47:41"}
{"level":"info","message":"Kullanıcı tablosu başarıyla oluşturuldu","metadata":{},"service":"patrion-sensor-service","timestamp":"2025-05-15 16:47:41"}
{"level":"info","message":"Sensör tablosu başarıyla oluşturuldu","metadata":{},"service":"patrion-sensor-service","timestamp":"2025-05-15 16:47:41"}
{"level":"info","message":"Sensör veri tablosu başarıyla oluşturuldu","metadata":{},"service":"patrion-sensor-service","timestamp":"2025-05-15 16:47:41"}
{"level":"info","message":"Kullanıcı log tablosu başarıyla oluşturuldu","metadata":{},"service":"patrion-sensor-service","timestamp":"2025-05-15 16:47:41"}
{"level":"info","message":"Veritabanı tabloları başarıyla oluşturuldu","metadata":{},"service":"patrion-sensor-service","timestamp":"2025-05-15 16:47:41"}
{"level":"info","message":"Şirket zaten mevcut","metadata":{"companyId":1},"service":"patrion-sensor-service","timestamp":"2025-05-15 16:47:41"}
{"level":"info","message":"Kullanıcı zaten mevcut","metadata":{"email":"admin@system.com"},"service":"patrion-sensor-service","timestamp":"2025-05-15 16:47:41"}
{"level":"info","message":"Seed verileri başarıyla eklendi","metadata":{},"service":"patrion-sensor-service","timestamp":"2025-05-15 16:47:41"}
{"level":"info","message":"Sunucu http://localhost:3000 adresinde çalışıyor","metadata":{},"service":"patrion-sensor-service","timestamp":"2025-05-15 16:47:49"}
{"level":"info","message":"Veritabanı bağlantısı başarılı","metadata":{"timestamp":{"now":"2025-05-15T13:47:49.139Z"}},"service":"patrion-sensor-service","timestamp":"2025-05-15 16:47:49"}
{"level":"info","message":"Şirket tablosu başarıyla oluşturuldu","metadata":{},"service":"patrion-sensor-service","timestamp":"2025-05-15 16:47:49"}
{"level":"info","message":"Kullanıcı tablosu başarıyla oluşturuldu","metadata":{},"service":"patrion-sensor-service","timestamp":"2025-05-15 16:47:49"}
{"level":"info","message":"Sensör tablosu başarıyla oluşturuldu","metadata":{},"service":"patrion-sensor-service","timestamp":"2025-05-15 16:47:49"}
{"level":"info","message":"Sensör veri tablosu başarıyla oluşturuldu","metadata":{},"service":"patrion-sensor-service","timestamp":"2025-05-15 16:47:49"}
{"level":"info","message":"Kullanıcı log tablosu başarıyla oluşturuldu","metadata":{},"service":"patrion-sensor-service","timestamp":"2025-05-15 16:47:49"}
{"level":"info","message":"Veritabanı tabloları başarıyla oluşturuldu","metadata":{},"service":"patrion-sensor-service","timestamp":"2025-05-15 16:47:49"}
{"level":"info","message":"Şirket zaten mevcut","metadata":{"companyId":1},"service":"patrion-sensor-service","timestamp":"2025-05-15 16:47:49"}
{"level":"info","message":"Kullanıcı zaten mevcut","metadata":{"email":"admin@system.com"},"service":"patrion-sensor-service","timestamp":"2025-05-15 16:47:49"}
{"level":"info","message":"Seed verileri başarıyla eklendi","metadata":{},"service":"patrion-sensor-service","timestamp":"2025-05-15 16:47:49"}
{"level":"info","message":"Sunucu http://localhost:3000 adresinde çalışıyor","metadata":{},"service":"patrion-sensor-service","timestamp":"2025-05-15 16:48:50"}
{"level":"info","message":"Veritabanı bağlantısı başarılı","metadata":{"timestamp":{"now":"2025-05-15T13:48:50.208Z"}},"service":"patrion-sensor-service","timestamp":"2025-05-15 16:48:50"}
{"level":"info","message":"Şirket tablosu başarıyla oluşturuldu","metadata":{},"service":"patrion-sensor-service","timestamp":"2025-05-15 16:48:50"}
{"level":"info","message":"Kullanıcı tablosu başarıyla oluşturuldu","metadata":{},"service":"patrion-sensor-service","timestamp":"2025-05-15 16:48:50"}
{"level":"info","message":"Sensör tablosu başarıyla oluşturuldu","metadata":{},"service":"patrion-sensor-service","timestamp":"2025-05-15 16:48:50"}
{"level":"info","message":"Sensör veri tablosu başarıyla oluşturuldu","metadata":{},"service":"patrion-sensor-service","timestamp":"2025-05-15 16:48:50"}
{"level":"info","message":"Kullanıcı log tablosu başarıyla oluşturuldu","metadata":{},"service":"patrion-sensor-service","timestamp":"2025-05-15 16:48:50"}
{"level":"info","message":"Veritabanı tabloları başarıyla oluşturuldu","metadata":{},"service":"patrion-sensor-service","timestamp":"2025-05-15 16:48:50"}
{"level":"info","message":"Şirket zaten mevcut","metadata":{"companyId":1},"service":"patrion-sensor-service","timestamp":"2025-05-15 16:48:50"}
{"level":"info","message":"Kullanıcı zaten mevcut","metadata":{"email":"admin@system.com"},"service":"patrion-sensor-service","timestamp":"2025-05-15 16:48:50"}
{"level":"info","message":"Seed verileri başarıyla eklendi","metadata":{},"service":"patrion-sensor-service","timestamp":"2025-05-15 16:48:50"}
{"date":"Thu May 15 2025 16:52:29 GMT+0300 (GMT+03:00)","error":{"address":"::","code":"EADDRINUSE","errno":-4091,"port":3000,"syscall":"listen"},"exception":true,"level":"error","message":"uncaughtException: listen EADDRINUSE: address already in use :::3000\nError: listen EADDRINUSE: address already in use :::3000\n    at Server.setupListenHandle [as _listen2] (node:net:1939:16)\n    at listenInCluster (node:net:1996:12)\n    at Server.listen (node:net:2101:7)\n    at Object.<anonymous> (C:\\Users\\gokha\\Desktop\\Desktop\\Projeler\\cases\\patrion_backend_case\\dist\\index.js:102:8)\n    at Module._compile (node:internal/modules/cjs/loader:1730:14)\n    at Object..js (node:internal/modules/cjs/loader:1895:10)\n    at Module.load (node:internal/modules/cjs/loader:1465:32)\n    at Function._load (node:internal/modules/cjs/loader:1282:12)\n    at TracingChannel.traceSync (node:diagnostics_channel:322:14)\n    at wrapModuleLoad (node:internal/modules/cjs/loader:235:24)","os":{"loadavg":[0,0,0],"uptime":9229.312},"process":{"argv":["C:\\Program Files\\nodejs\\node.exe","C:\\Users\\gokha\\Desktop\\Desktop\\Projeler\\cases\\patrion_backend_case\\dist\\index.js"],"cwd":"C:\\Users\\gokha\\Desktop\\Desktop\\Projeler\\cases\\patrion_backend_case","execPath":"C:\\Program Files\\nodejs\\node.exe","gid":null,"memoryUsage":{"arrayBuffers":18635,"external":2300066,"heapTotal":55545856,"heapUsed":23506920,"rss":78340096},"pid":12108,"uid":null,"version":"v22.15.0"},"service":"patrion-sensor-service","stack":"Error: listen EADDRINUSE: address already in use :::3000\n    at Server.setupListenHandle [as _listen2] (node:net:1939:16)\n    at listenInCluster (node:net:1996:12)\n    at Server.listen (node:net:2101:7)\n    at Object.<anonymous> (C:\\Users\\gokha\\Desktop\\Desktop\\Projeler\\cases\\patrion_backend_case\\dist\\index.js:102:8)\n    at Module._compile (node:internal/modules/cjs/loader:1730:14)\n    at Object..js (node:internal/modules/cjs/loader:1895:10)\n    at Module.load (node:internal/modules/cjs/loader:1465:32)\n    at Function._load (node:internal/modules/cjs/loader:1282:12)\n    at TracingChannel.traceSync (node:diagnostics_channel:322:14)\n    at wrapModuleLoad (node:internal/modules/cjs/loader:235:24)","timestamp":"2025-05-15 16:52:29","trace":[{"column":16,"file":"node:net","function":"Server.setupListenHandle [as _listen2]","line":1939,"method":"setupListenHandle [as _listen2]","native":false},{"column":12,"file":"node:net","function":"listenInCluster","line":1996,"method":null,"native":false},{"column":7,"file":"node:net","function":"Server.listen","line":2101,"method":"listen","native":false},{"column":8,"file":"C:\\Users\\gokha\\Desktop\\Desktop\\Projeler\\cases\\patrion_backend_case\\dist\\index.js","function":null,"line":102,"method":null,"native":false},{"column":14,"file":"node:internal/modules/cjs/loader","function":"Module._compile","line":1730,"method":"_compile","native":false},{"column":10,"file":"node:internal/modules/cjs/loader","function":"Object..js","line":1895,"method":".js","native":false},{"column":32,"file":"node:internal/modules/cjs/loader","function":"Module.load","line":1465,"method":"load","native":false},{"column":12,"file":"node:internal/modules/cjs/loader","function":"Function._load","line":1282,"method":"_load","native":false},{"column":14,"file":"node:diagnostics_channel","function":"TracingChannel.traceSync","line":322,"method":"traceSync","native":false},{"column":24,"file":"node:internal/modules/cjs/loader","function":"wrapModuleLoad","line":235,"method":null,"native":false}]}
{"date":"Thu May 15 2025 16:52:51 GMT+0300 (GMT+03:00)","error":{"address":"::","code":"EADDRINUSE","errno":-4091,"port":3000,"syscall":"listen"},"exception":true,"level":"error","message":"uncaughtException: listen EADDRINUSE: address already in use :::3000\nError: listen EADDRINUSE: address already in use :::3000\n    at Server.setupListenHandle [as _listen2] (node:net:1939:16)\n    at listenInCluster (node:net:1996:12)\n    at Server.listen (node:net:2101:7)\n    at Object.<anonymous> (C:\\Users\\gokha\\Desktop\\Desktop\\Projeler\\cases\\patrion_backend_case\\dist\\index.js:102:8)\n    at Module._compile (node:internal/modules/cjs/loader:1730:14)\n    at Object..js (node:internal/modules/cjs/loader:1895:10)\n    at Module.load (node:internal/modules/cjs/loader:1465:32)\n    at Function._load (node:internal/modules/cjs/loader:1282:12)\n    at TracingChannel.traceSync (node:diagnostics_channel:322:14)\n    at wrapModuleLoad (node:internal/modules/cjs/loader:235:24)","os":{"loadavg":[0,0,0],"uptime":9250.984},"process":{"argv":["C:\\Program Files\\nodejs\\node.exe","C:\\Users\\gokha\\Desktop\\Desktop\\Projeler\\cases\\patrion_backend_case\\dist\\index.js"],"cwd":"C:\\Users\\gokha\\Desktop\\Desktop\\Projeler\\cases\\patrion_backend_case","execPath":"C:\\Program Files\\nodejs\\node.exe","gid":null,"memoryUsage":{"arrayBuffers":18635,"external":2300066,"heapTotal":55545856,"heapUsed":23495344,"rss":77774848},"pid":11468,"uid":null,"version":"v22.15.0"},"service":"patrion-sensor-service","stack":"Error: listen EADDRINUSE: address already in use :::3000\n    at Server.setupListenHandle [as _listen2] (node:net:1939:16)\n    at listenInCluster (node:net:1996:12)\n    at Server.listen (node:net:2101:7)\n    at Object.<anonymous> (C:\\Users\\gokha\\Desktop\\Desktop\\Projeler\\cases\\patrion_backend_case\\dist\\index.js:102:8)\n    at Module._compile (node:internal/modules/cjs/loader:1730:14)\n    at Object..js (node:internal/modules/cjs/loader:1895:10)\n    at Module.load (node:internal/modules/cjs/loader:1465:32)\n    at Function._load (node:internal/modules/cjs/loader:1282:12)\n    at TracingChannel.traceSync (node:diagnostics_channel:322:14)\n    at wrapModuleLoad (node:internal/modules/cjs/loader:235:24)","timestamp":"2025-05-15 16:52:51","trace":[{"column":16,"file":"node:net","function":"Server.setupListenHandle [as _listen2]","line":1939,"method":"setupListenHandle [as _listen2]","native":false},{"column":12,"file":"node:net","function":"listenInCluster","line":1996,"method":null,"native":false},{"column":7,"file":"node:net","function":"Server.listen","line":2101,"method":"listen","native":false},{"column":8,"file":"C:\\Users\\gokha\\Desktop\\Desktop\\Projeler\\cases\\patrion_backend_case\\dist\\index.js","function":null,"line":102,"method":null,"native":false},{"column":14,"file":"node:internal/modules/cjs/loader","function":"Module._compile","line":1730,"method":"_compile","native":false},{"column":10,"file":"node:internal/modules/cjs/loader","function":"Object..js","line":1895,"method":".js","native":false},{"column":32,"file":"node:internal/modules/cjs/loader","function":"Module.load","line":1465,"method":"load","native":false},{"column":12,"file":"node:internal/modules/cjs/loader","function":"Function._load","line":1282,"method":"_load","native":false},{"column":14,"file":"node:diagnostics_channel","function":"TracingChannel.traceSync","line":322,"method":"traceSync","native":false},{"column":24,"file":"node:internal/modules/cjs/loader","function":"wrapModuleLoad","line":235,"method":null,"native":false}]}
{"level":"info","message":"Sunucu http://localhost:3000 adresinde çalışıyor","metadata":{},"service":"patrion-sensor-service","timestamp":"2025-05-15 16:54:05"}
{"level":"info","message":"Veritabanı tabloları başarıyla oluşturuldu","metadata":{},"service":"patrion-sensor-service","timestamp":"2025-05-15 16:54:05"}
{"level":"info","message":"Sunucu http://localhost:3000 adresinde çalışıyor","metadata":{},"service":"patrion-sensor-service","timestamp":"2025-05-15 16:55:21"}
{"level":"info","message":"Veritabanı bağlantısı başarılı","metadata":{"timestamp":{"now":"2025-05-15T13:55:21.107Z"}},"service":"patrion-sensor-service","timestamp":"2025-05-15 16:55:21"}
{"level":"info","message":"Şirket tablosu başarıyla oluşturuldu","metadata":{},"service":"patrion-sensor-service","timestamp":"2025-05-15 16:55:21"}
{"level":"info","message":"Kullanıcı tablosu başarıyla oluşturuldu","metadata":{},"service":"patrion-sensor-service","timestamp":"2025-05-15 16:55:21"}
{"level":"info","message":"Sensör tablosu başarıyla oluşturuldu","metadata":{},"service":"patrion-sensor-service","timestamp":"2025-05-15 16:55:21"}
{"level":"info","message":"Sensör veri tablosu başarıyla oluşturuldu","metadata":{},"service":"patrion-sensor-service","timestamp":"2025-05-15 16:55:21"}
{"level":"info","message":"Kullanıcı log tablosu başarıyla oluşturuldu","metadata":{},"service":"patrion-sensor-service","timestamp":"2025-05-15 16:55:21"}
{"level":"info","message":"Veritabanı tabloları başarıyla oluşturuldu","metadata":{},"service":"patrion-sensor-service","timestamp":"2025-05-15 16:55:21"}
{"level":"info","message":"Şirket zaten mevcut","metadata":{"companyId":1},"service":"patrion-sensor-service","timestamp":"2025-05-15 16:55:21"}
{"level":"info","message":"Kullanıcı zaten mevcut","metadata":{"email":"admin@system.com"},"service":"patrion-sensor-service","timestamp":"2025-05-15 16:55:21"}
{"level":"info","message":"Seed verileri başarıyla eklendi","metadata":{},"service":"patrion-sensor-service","timestamp":"2025-05-15 16:55:21"}
{"level":"info","message":"HTTP İsteği","metadata":{"ip":"::1","method":"GET","responseTime":"5ms","status":304,"url":"/","userAgent":"Mozilla/5.0 (Windows NT 10.0; Win64; x64) AppleWebKit/537.36 (KHTML, like Gecko) Chrome/133.0.0.0 Safari/537.36 OPR/118.0.0.0 (Edition std-2)"},"service":"patrion-sensor-service","timestamp":"2025-05-15 16:55:38"}
{"level":"info","message":"HTTP İsteği","metadata":{"ip":"::1","method":"GET","responseTime":"2ms","status":304,"url":"/swagger-ui.css","userAgent":"Mozilla/5.0 (Windows NT 10.0; Win64; x64) AppleWebKit/537.36 (KHTML, like Gecko) Chrome/133.0.0.0 Safari/537.36 OPR/118.0.0.0 (Edition std-2)"},"service":"patrion-sensor-service","timestamp":"2025-05-15 16:55:38"}
{"level":"info","message":"HTTP İsteği","metadata":{"ip":"::1","method":"GET","responseTime":"2ms","status":304,"url":"/swagger-ui-bundle.js","userAgent":"Mozilla/5.0 (Windows NT 10.0; Win64; x64) AppleWebKit/537.36 (KHTML, like Gecko) Chrome/133.0.0.0 Safari/537.36 OPR/118.0.0.0 (Edition std-2)"},"service":"patrion-sensor-service","timestamp":"2025-05-15 16:55:38"}
{"level":"info","message":"HTTP İsteği","metadata":{"ip":"::1","method":"GET","responseTime":"3ms","status":304,"url":"/swagger-ui-standalone-preset.js","userAgent":"Mozilla/5.0 (Windows NT 10.0; Win64; x64) AppleWebKit/537.36 (KHTML, like Gecko) Chrome/133.0.0.0 Safari/537.36 OPR/118.0.0.0 (Edition std-2)"},"service":"patrion-sensor-service","timestamp":"2025-05-15 16:55:38"}
{"level":"info","message":"HTTP İsteği","metadata":{"ip":"::1","method":"GET","responseTime":"1ms","status":304,"url":"/swagger-ui-init.js","userAgent":"Mozilla/5.0 (Windows NT 10.0; Win64; x64) AppleWebKit/537.36 (KHTML, like Gecko) Chrome/133.0.0.0 Safari/537.36 OPR/118.0.0.0 (Edition std-2)"},"service":"patrion-sensor-service","timestamp":"2025-05-15 16:55:38"}
{"level":"info","message":"HTTP İsteği","metadata":{"ip":"::1","method":"GET","responseTime":"1ms","status":304,"url":"/favicon-32x32.png","userAgent":"Mozilla/5.0 (Windows NT 10.0; Win64; x64) AppleWebKit/537.36 (KHTML, like Gecko) Chrome/133.0.0.0 Safari/537.36 OPR/118.0.0.0 (Edition std-2)"},"service":"patrion-sensor-service","timestamp":"2025-05-15 16:55:38"}
{"level":"error","message":"HTTP İsteği","metadata":{"ip":"::1","method":"GET","responseTime":"2ms","status":401,"url":"/","userAgent":"Mozilla/5.0 (Windows NT 10.0; Win64; x64) AppleWebKit/537.36 (KHTML, like Gecko) Chrome/133.0.0.0 Safari/537.36 OPR/118.0.0.0 (Edition std-2)"},"service":"patrion-sensor-service","timestamp":"2025-05-15 17:00:23"}
{"level":"info","message":"HTTP İsteği","metadata":{"ip":"::1","method":"POST","responseTime":"110ms","status":200,"url":"/login","userAgent":"Mozilla/5.0 (Windows NT 10.0; Win64; x64) AppleWebKit/537.36 (KHTML, like Gecko) Chrome/133.0.0.0 Safari/537.36 OPR/118.0.0.0 (Edition std-2)"},"service":"patrion-sensor-service","timestamp":"2025-05-15 17:01:16"}
{"level":"info","message":"HTTP İsteği","metadata":{"ip":"::1","method":"GET","responseTime":"78ms","status":200,"url":"/","userAgent":"Mozilla/5.0 (Windows NT 10.0; Win64; x64) AppleWebKit/537.36 (KHTML, like Gecko) Chrome/133.0.0.0 Safari/537.36 OPR/118.0.0.0 (Edition std-2)","userId":4},"service":"patrion-sensor-service","timestamp":"2025-05-15 17:01:52"}
{"level":"error","message":"HTTP İsteği","metadata":{"ip":"::1","method":"POST","responseTime":"53ms","status":409,"url":"/register","userAgent":"Mozilla/5.0 (Windows NT 10.0; Win64; x64) AppleWebKit/537.36 (KHTML, like Gecko) Chrome/133.0.0.0 Safari/537.36 OPR/118.0.0.0 (Edition std-2)"},"service":"patrion-sensor-service","timestamp":"2025-05-15 17:05:16"}
{"level":"error","message":"HTTP İsteği","metadata":{"ip":"::1","method":"POST","responseTime":"123ms","status":400,"url":"/register","userAgent":"Mozilla/5.0 (Windows NT 10.0; Win64; x64) AppleWebKit/537.36 (KHTML, like Gecko) Chrome/133.0.0.0 Safari/537.36 OPR/118.0.0.0 (Edition std-2)"},"service":"patrion-sensor-service","timestamp":"2025-05-15 17:06:10"}
{"level":"info","message":"HTTP İsteği","metadata":{"ip":"::1","method":"POST","responseTime":"159ms","status":201,"url":"/register","userAgent":"Mozilla/5.0 (Windows NT 10.0; Win64; x64) AppleWebKit/537.36 (KHTML, like Gecko) Chrome/133.0.0.0 Safari/537.36 OPR/118.0.0.0 (Edition std-2)"},"service":"patrion-sensor-service","timestamp":"2025-05-15 17:06:26"}
{"level":"info","message":"HTTP İsteği","metadata":{"ip":"::1","method":"GET","responseTime":"70ms","status":200,"url":"/","userAgent":"Mozilla/5.0 (Windows NT 10.0; Win64; x64) AppleWebKit/537.36 (KHTML, like Gecko) Chrome/133.0.0.0 Safari/537.36 OPR/118.0.0.0 (Edition std-2)","userId":4},"service":"patrion-sensor-service","timestamp":"2025-05-15 17:07:16"}
{"level":"info","message":"Sunucu http://localhost:3000 adresinde çalışıyor","metadata":{},"service":"patrion-sensor-service","timestamp":"2025-05-15 17:10:47"}
{"level":"info","message":"Veritabanı bağlantısı başarılı","metadata":{"timestamp":{"now":"2025-05-15T14:10:47.260Z"}},"service":"patrion-sensor-service","timestamp":"2025-05-15 17:10:47"}
{"level":"info","message":"Şirket tablosu başarıyla oluşturuldu","metadata":{},"service":"patrion-sensor-service","timestamp":"2025-05-15 17:10:47"}
{"level":"info","message":"Kullanıcı tablosu başarıyla oluşturuldu","metadata":{},"service":"patrion-sensor-service","timestamp":"2025-05-15 17:10:47"}
{"level":"info","message":"Sensör tablosu başarıyla oluşturuldu","metadata":{},"service":"patrion-sensor-service","timestamp":"2025-05-15 17:10:47"}
{"level":"info","message":"Sensör veri tablosu başarıyla oluşturuldu","metadata":{},"service":"patrion-sensor-service","timestamp":"2025-05-15 17:10:47"}
{"level":"info","message":"Kullanıcı log tablosu başarıyla oluşturuldu","metadata":{},"service":"patrion-sensor-service","timestamp":"2025-05-15 17:10:47"}
{"level":"info","message":"Veritabanı tabloları başarıyla oluşturuldu","metadata":{},"service":"patrion-sensor-service","timestamp":"2025-05-15 17:10:47"}
{"level":"info","message":"Şirket zaten mevcut","metadata":{"companyId":1},"service":"patrion-sensor-service","timestamp":"2025-05-15 17:10:47"}
{"level":"info","message":"Kullanıcı zaten mevcut","metadata":{"email":"admin@system.com"},"service":"patrion-sensor-service","timestamp":"2025-05-15 17:10:47"}
{"level":"info","message":"Seed verileri başarıyla eklendi","metadata":{},"service":"patrion-sensor-service","timestamp":"2025-05-15 17:10:47"}
{"level":"info","message":"Sunucu http://localhost:3000 adresinde çalışıyor","metadata":{},"service":"patrion-sensor-service","timestamp":"2025-05-15 17:20:15"}
{"level":"info","message":"Veritabanı bağlantısı başarılı","metadata":{"timestamp":{"now":"2025-05-15T14:20:15.187Z"}},"service":"patrion-sensor-service","timestamp":"2025-05-15 17:20:15"}
{"level":"info","message":"Şirket tablosu başarıyla oluşturuldu","metadata":{},"service":"patrion-sensor-service","timestamp":"2025-05-15 17:20:15"}
{"level":"info","message":"Kullanıcı tablosu başarıyla oluşturuldu","metadata":{},"service":"patrion-sensor-service","timestamp":"2025-05-15 17:20:15"}
{"level":"info","message":"Sensör tablosu başarıyla oluşturuldu","metadata":{},"service":"patrion-sensor-service","timestamp":"2025-05-15 17:20:15"}
{"level":"info","message":"Sensör veri tablosu başarıyla oluşturuldu","metadata":{},"service":"patrion-sensor-service","timestamp":"2025-05-15 17:20:15"}
{"level":"info","message":"Kullanıcı log tablosu başarıyla oluşturuldu","metadata":{},"service":"patrion-sensor-service","timestamp":"2025-05-15 17:20:15"}
{"level":"info","message":"Veritabanı tabloları başarıyla oluşturuldu","metadata":{},"service":"patrion-sensor-service","timestamp":"2025-05-15 17:20:15"}
{"level":"info","message":"Şirket zaten mevcut","metadata":{"companyId":1},"service":"patrion-sensor-service","timestamp":"2025-05-15 17:20:15"}
{"level":"info","message":"Kullanıcı zaten mevcut","metadata":{"email":"admin@system.com"},"service":"patrion-sensor-service","timestamp":"2025-05-15 17:20:15"}
{"level":"info","message":"Seed verileri başarıyla eklendi","metadata":{},"service":"patrion-sensor-service","timestamp":"2025-05-15 17:20:15"}
{"level":"info","message":"Sunucu http://localhost:3000 adresinde çalışıyor","metadata":{},"service":"patrion-sensor-service","timestamp":"2025-05-15 17:20:44"}
{"level":"info","message":"Veritabanı bağlantısı başarılı","metadata":{"timestamp":{"now":"2025-05-15T14:20:44.695Z"}},"service":"patrion-sensor-service","timestamp":"2025-05-15 17:20:44"}
{"level":"info","message":"Şirket tablosu başarıyla oluşturuldu","metadata":{},"service":"patrion-sensor-service","timestamp":"2025-05-15 17:20:44"}
{"level":"info","message":"Kullanıcı tablosu başarıyla oluşturuldu","metadata":{},"service":"patrion-sensor-service","timestamp":"2025-05-15 17:20:44"}
{"level":"info","message":"Sensör tablosu başarıyla oluşturuldu","metadata":{},"service":"patrion-sensor-service","timestamp":"2025-05-15 17:20:44"}
{"level":"info","message":"Sensör veri tablosu başarıyla oluşturuldu","metadata":{},"service":"patrion-sensor-service","timestamp":"2025-05-15 17:20:44"}
{"level":"info","message":"Kullanıcı log tablosu başarıyla oluşturuldu","metadata":{},"service":"patrion-sensor-service","timestamp":"2025-05-15 17:20:44"}
{"level":"info","message":"Veritabanı tabloları başarıyla oluşturuldu","metadata":{},"service":"patrion-sensor-service","timestamp":"2025-05-15 17:20:44"}
{"level":"info","message":"Şirket zaten mevcut","metadata":{"companyId":1},"service":"patrion-sensor-service","timestamp":"2025-05-15 17:20:44"}
{"level":"info","message":"Kullanıcı zaten mevcut","metadata":{"email":"admin@system.com"},"service":"patrion-sensor-service","timestamp":"2025-05-15 17:20:44"}
{"level":"info","message":"Seed verileri başarıyla eklendi","metadata":{},"service":"patrion-sensor-service","timestamp":"2025-05-15 17:20:44"}
{"level":"info","message":"Sunucu http://localhost:3000 adresinde çalışıyor","metadata":{},"service":"patrion-sensor-service","timestamp":"2025-05-15 18:23:31"}
{"level":"info","message":"Veritabanı tabloları başarıyla oluşturuldu","metadata":{},"service":"patrion-sensor-service","timestamp":"2025-05-15 18:23:31"}
{"level":"info","message":"HTTP İsteği","metadata":{"ip":"::1","method":"GET","responseTime":"4ms","status":304,"url":"/","userAgent":"Mozilla/5.0 (Windows NT 10.0; Win64; x64) AppleWebKit/537.36 (KHTML, like Gecko) Chrome/133.0.0.0 Safari/537.36 OPR/118.0.0.0 (Edition std-2)"},"service":"patrion-sensor-service","timestamp":"2025-05-15 18:23:54"}
{"level":"info","message":"HTTP İsteği","metadata":{"ip":"::1","method":"GET","responseTime":"2ms","status":304,"url":"/swagger-ui.css","userAgent":"Mozilla/5.0 (Windows NT 10.0; Win64; x64) AppleWebKit/537.36 (KHTML, like Gecko) Chrome/133.0.0.0 Safari/537.36 OPR/118.0.0.0 (Edition std-2)"},"service":"patrion-sensor-service","timestamp":"2025-05-15 18:23:54"}
{"level":"info","message":"HTTP İsteği","metadata":{"ip":"::1","method":"GET","responseTime":"1ms","status":304,"url":"/swagger-ui-init.js","userAgent":"Mozilla/5.0 (Windows NT 10.0; Win64; x64) AppleWebKit/537.36 (KHTML, like Gecko) Chrome/133.0.0.0 Safari/537.36 OPR/118.0.0.0 (Edition std-2)"},"service":"patrion-sensor-service","timestamp":"2025-05-15 18:23:54"}
{"level":"info","message":"HTTP İsteği","metadata":{"ip":"::1","method":"GET","responseTime":"6ms","status":304,"url":"/swagger-ui-bundle.js","userAgent":"Mozilla/5.0 (Windows NT 10.0; Win64; x64) AppleWebKit/537.36 (KHTML, like Gecko) Chrome/133.0.0.0 Safari/537.36 OPR/118.0.0.0 (Edition std-2)"},"service":"patrion-sensor-service","timestamp":"2025-05-15 18:23:54"}
{"level":"info","message":"HTTP İsteği","metadata":{"ip":"::1","method":"GET","responseTime":"8ms","status":304,"url":"/swagger-ui-standalone-preset.js","userAgent":"Mozilla/5.0 (Windows NT 10.0; Win64; x64) AppleWebKit/537.36 (KHTML, like Gecko) Chrome/133.0.0.0 Safari/537.36 OPR/118.0.0.0 (Edition std-2)"},"service":"patrion-sensor-service","timestamp":"2025-05-15 18:23:54"}
{"level":"info","message":"HTTP İsteği","metadata":{"ip":"::1","method":"GET","responseTime":"1ms","status":304,"url":"/favicon-32x32.png","userAgent":"Mozilla/5.0 (Windows NT 10.0; Win64; x64) AppleWebKit/537.36 (KHTML, like Gecko) Chrome/133.0.0.0 Safari/537.36 OPR/118.0.0.0 (Edition std-2)"},"service":"patrion-sensor-service","timestamp":"2025-05-15 18:23:55"}
{"level":"info","message":"HTTP İsteği","metadata":{"ip":"::1","method":"GET","responseTime":"2ms","status":304,"url":"/","userAgent":"Mozilla/5.0 (Windows NT 10.0; Win64; x64) AppleWebKit/537.36 (KHTML, like Gecko) Chrome/133.0.0.0 Safari/537.36 OPR/118.0.0.0 (Edition std-2)"},"service":"patrion-sensor-service","timestamp":"2025-05-15 18:24:30"}
{"level":"info","message":"HTTP İsteği","metadata":{"ip":"::1","method":"GET","responseTime":"1ms","status":304,"url":"/swagger-ui.css","userAgent":"Mozilla/5.0 (Windows NT 10.0; Win64; x64) AppleWebKit/537.36 (KHTML, like Gecko) Chrome/133.0.0.0 Safari/537.36 OPR/118.0.0.0 (Edition std-2)"},"service":"patrion-sensor-service","timestamp":"2025-05-15 18:24:30"}
{"level":"info","message":"HTTP İsteği","metadata":{"ip":"::1","method":"GET","responseTime":"2ms","status":304,"url":"/swagger-ui-bundle.js","userAgent":"Mozilla/5.0 (Windows NT 10.0; Win64; x64) AppleWebKit/537.36 (KHTML, like Gecko) Chrome/133.0.0.0 Safari/537.36 OPR/118.0.0.0 (Edition std-2)"},"service":"patrion-sensor-service","timestamp":"2025-05-15 18:24:30"}
{"level":"info","message":"HTTP İsteği","metadata":{"ip":"::1","method":"GET","responseTime":"1ms","status":304,"url":"/swagger-ui-init.js","userAgent":"Mozilla/5.0 (Windows NT 10.0; Win64; x64) AppleWebKit/537.36 (KHTML, like Gecko) Chrome/133.0.0.0 Safari/537.36 OPR/118.0.0.0 (Edition std-2)"},"service":"patrion-sensor-service","timestamp":"2025-05-15 18:24:30"}
{"level":"info","message":"HTTP İsteği","metadata":{"ip":"::1","method":"GET","responseTime":"4ms","status":304,"url":"/swagger-ui-standalone-preset.js","userAgent":"Mozilla/5.0 (Windows NT 10.0; Win64; x64) AppleWebKit/537.36 (KHTML, like Gecko) Chrome/133.0.0.0 Safari/537.36 OPR/118.0.0.0 (Edition std-2)"},"service":"patrion-sensor-service","timestamp":"2025-05-15 18:24:30"}
{"level":"info","message":"HTTP İsteği","metadata":{"ip":"::1","method":"GET","responseTime":"0ms","status":304,"url":"/favicon-32x32.png","userAgent":"Mozilla/5.0 (Windows NT 10.0; Win64; x64) AppleWebKit/537.36 (KHTML, like Gecko) Chrome/133.0.0.0 Safari/537.36 OPR/118.0.0.0 (Edition std-2)"},"service":"patrion-sensor-service","timestamp":"2025-05-15 18:24:31"}
{"level":"info","message":"HTTP İsteği","metadata":{"ip":"::1","method":"GET","responseTime":"1ms","status":304,"url":"/","userAgent":"Mozilla/5.0 (Windows NT 10.0; Win64; x64) AppleWebKit/537.36 (KHTML, like Gecko) Chrome/133.0.0.0 Safari/537.36 OPR/118.0.0.0 (Edition std-2)"},"service":"patrion-sensor-service","timestamp":"2025-05-15 18:31:06"}
{"level":"info","message":"HTTP İsteği","metadata":{"ip":"::1","method":"GET","responseTime":"1ms","status":304,"url":"/swagger-ui.css","userAgent":"Mozilla/5.0 (Windows NT 10.0; Win64; x64) AppleWebKit/537.36 (KHTML, like Gecko) Chrome/133.0.0.0 Safari/537.36 OPR/118.0.0.0 (Edition std-2)"},"service":"patrion-sensor-service","timestamp":"2025-05-15 18:31:06"}
{"level":"info","message":"HTTP İsteği","metadata":{"ip":"::1","method":"GET","responseTime":"1ms","status":304,"url":"/swagger-ui-bundle.js","userAgent":"Mozilla/5.0 (Windows NT 10.0; Win64; x64) AppleWebKit/537.36 (KHTML, like Gecko) Chrome/133.0.0.0 Safari/537.36 OPR/118.0.0.0 (Edition std-2)"},"service":"patrion-sensor-service","timestamp":"2025-05-15 18:31:06"}
{"level":"info","message":"HTTP İsteği","metadata":{"ip":"::1","method":"GET","responseTime":"2ms","status":304,"url":"/swagger-ui-standalone-preset.js","userAgent":"Mozilla/5.0 (Windows NT 10.0; Win64; x64) AppleWebKit/537.36 (KHTML, like Gecko) Chrome/133.0.0.0 Safari/537.36 OPR/118.0.0.0 (Edition std-2)"},"service":"patrion-sensor-service","timestamp":"2025-05-15 18:31:06"}
{"level":"info","message":"HTTP İsteği","metadata":{"ip":"::1","method":"GET","responseTime":"1ms","status":304,"url":"/swagger-ui-init.js","userAgent":"Mozilla/5.0 (Windows NT 10.0; Win64; x64) AppleWebKit/537.36 (KHTML, like Gecko) Chrome/133.0.0.0 Safari/537.36 OPR/118.0.0.0 (Edition std-2)"},"service":"patrion-sensor-service","timestamp":"2025-05-15 18:31:06"}
{"level":"info","message":"HTTP İsteği","metadata":{"ip":"::1","method":"GET","responseTime":"1ms","status":304,"url":"/favicon-32x32.png","userAgent":"Mozilla/5.0 (Windows NT 10.0; Win64; x64) AppleWebKit/537.36 (KHTML, like Gecko) Chrome/133.0.0.0 Safari/537.36 OPR/118.0.0.0 (Edition std-2)"},"service":"patrion-sensor-service","timestamp":"2025-05-15 18:31:07"}
{"level":"info","message":"Sunucu http://localhost:3000 adresinde çalışıyor","metadata":{},"service":"patrion-sensor-service","timestamp":"2025-05-15 18:31:19"}
{"level":"info","message":"Veritabanı tabloları başarıyla oluşturuldu","metadata":{},"service":"patrion-sensor-service","timestamp":"2025-05-15 18:31:19"}
{"level":"info","message":"HTTP İsteği","metadata":{"ip":"::1","method":"GET","responseTime":"5ms","status":304,"url":"/","userAgent":"Mozilla/5.0 (Windows NT 10.0; Win64; x64) AppleWebKit/537.36 (KHTML, like Gecko) Chrome/133.0.0.0 Safari/537.36 OPR/118.0.0.0 (Edition std-2)"},"service":"patrion-sensor-service","timestamp":"2025-05-15 18:31:23"}
{"level":"info","message":"HTTP İsteği","metadata":{"ip":"::1","method":"GET","responseTime":"6ms","status":304,"url":"/swagger-ui.css","userAgent":"Mozilla/5.0 (Windows NT 10.0; Win64; x64) AppleWebKit/537.36 (KHTML, like Gecko) Chrome/133.0.0.0 Safari/537.36 OPR/118.0.0.0 (Edition std-2)"},"service":"patrion-sensor-service","timestamp":"2025-05-15 18:31:24"}
{"level":"info","message":"HTTP İsteği","metadata":{"ip":"::1","method":"GET","responseTime":"2ms","status":200,"url":"/swagger-ui-init.js","userAgent":"Mozilla/5.0 (Windows NT 10.0; Win64; x64) AppleWebKit/537.36 (KHTML, like Gecko) Chrome/133.0.0.0 Safari/537.36 OPR/118.0.0.0 (Edition std-2)"},"service":"patrion-sensor-service","timestamp":"2025-05-15 18:31:24"}
{"level":"info","message":"HTTP İsteği","metadata":{"ip":"::1","method":"GET","responseTime":"14ms","status":304,"url":"/swagger-ui-bundle.js","userAgent":"Mozilla/5.0 (Windows NT 10.0; Win64; x64) AppleWebKit/537.36 (KHTML, like Gecko) Chrome/133.0.0.0 Safari/537.36 OPR/118.0.0.0 (Edition std-2)"},"service":"patrion-sensor-service","timestamp":"2025-05-15 18:31:24"}
{"level":"info","message":"HTTP İsteği","metadata":{"ip":"::1","method":"GET","responseTime":"11ms","status":304,"url":"/swagger-ui-standalone-preset.js","userAgent":"Mozilla/5.0 (Windows NT 10.0; Win64; x64) AppleWebKit/537.36 (KHTML, like Gecko) Chrome/133.0.0.0 Safari/537.36 OPR/118.0.0.0 (Edition std-2)"},"service":"patrion-sensor-service","timestamp":"2025-05-15 18:31:24"}
{"level":"info","message":"HTTP İsteği","metadata":{"ip":"::1","method":"GET","responseTime":"1ms","status":304,"url":"/favicon-32x32.png","userAgent":"Mozilla/5.0 (Windows NT 10.0; Win64; x64) AppleWebKit/537.36 (KHTML, like Gecko) Chrome/133.0.0.0 Safari/537.36 OPR/118.0.0.0 (Edition std-2)"},"service":"patrion-sensor-service","timestamp":"2025-05-15 18:31:24"}
{"level":"info","message":"HTTP İsteği","metadata":{"ip":"::1","method":"POST","responseTime":"55ms","status":401,"url":"/login","userAgent":"Mozilla/5.0 (Windows NT 10.0; Win64; x64) AppleWebKit/537.36 (KHTML, like Gecko) Chrome/133.0.0.0 Safari/537.36 OPR/118.0.0.0 (Edition std-2)"},"service":"patrion-sensor-service","timestamp":"2025-05-15 18:32:01"}
{"level":"info","message":"HTTP İsteği","metadata":{"ip":"::1","method":"POST","responseTime":"48ms","status":401,"url":"/login","userAgent":"Mozilla/5.0 (Windows NT 10.0; Win64; x64) AppleWebKit/537.36 (KHTML, like Gecko) Chrome/133.0.0.0 Safari/537.36 OPR/118.0.0.0 (Edition std-2)"},"service":"patrion-sensor-service","timestamp":"2025-05-15 18:32:33"}
